This file contains any messages produced by compilers while
running configure, to aid debugging if configure makes a mistake.

It was created by 42sh configure 1.0, which was
generated by GNU Autoconf 2.72.  Invocation command line was

  $ ./configure 'CFLAGS=-fsanitize=address -g'

## --------- ##
## Platform. ##
## --------- ##

hostname = yann-xps15
uname -m = x86_64
uname -r = 6.18.6-zen1-1-zen
uname -s = Linux
uname -v = #1 ZEN SMP PREEMPT_DYNAMIC Sun, 18 Jan 2026 00:33:55 +0000

/usr/bin/uname -p = unknown
/bin/uname -X     = unknown

/bin/arch              = unknown
/usr/bin/arch -k       = unknown
/usr/convex/getsysinfo = unknown
/usr/bin/hostinfo      = unknown
/bin/machine           = unknown
/usr/bin/oslevel       = unknown
/bin/universe          = unknown

PATH: /home/yann/.local/bin/
PATH: /home/yann/.cargo/bin/
PATH: /usr/local/bin/
PATH: /usr/bin/
PATH: /bin/
PATH: /usr/local/sbin/
PATH: /usr/lib/jvm/default/bin/
PATH: /usr/bin/site_perl/
PATH: /usr/bin/vendor_perl/
PATH: /usr/bin/core_perl/


## ----------- ##
## Core tests. ##
## ----------- ##

configure:2110: looking for aux files: compile ar-lib missing install-sh
configure:2123:  trying ./
configure:2152:   ./compile found
configure:2152:   ./ar-lib found
configure:2152:   ./missing found
configure:2134:   ./install-sh found
configure:2283: checking for a BSD-compatible install
configure:2357: result: /usr/bin/install -c
configure:2368: checking whether sleep supports fractional seconds
configure:2384: result: yes
configure:2387: checking filesystem timestamp resolution
configure:2522: result: 0.01
configure:2527: checking whether build environment is sane
configure:2572: result: yes
configure:2743: checking for a race-free mkdir -p
configure:2786: result: /usr/bin/mkdir -p
configure:2793: checking for gawk
configure:2814: found /usr/bin/gawk
configure:2826: result: gawk
configure:2837: checking whether make sets $(MAKE)
configure:2861: result: yes
configure:2887: checking whether make supports nested variables
configure:2906: result: yes
configure:2920: checking xargs -n works
configure:2936: result: yes
configure:3021: checking whether UID '1000' is supported by ustar format
configure:3027: result: yes
configure:3034: checking whether GID '1000' is supported by ustar format
configure:3040: result: yes
configure:3048: checking how to create a ustar tar archive
configure:3059: tar --version
tar (GNU tar) 1.35
Copyright (C) 2023 Free Software Foundation, Inc.
License GPLv3+: GNU GPL version 3 or later <https://gnu.org/licenses/gpl.html>.
This is free software: you are free to change and redistribute it.
There is NO WARRANTY, to the extent permitted by law.

Written by John Gilmore and Jay Fenlason.
configure:3062: $? = 0
configure:3102: tardir=conftest.dir && eval tar --format=ustar -chf - "$tardir" >conftest.tar
configure:3105: $? = 0
configure:3109: tar -xf - <conftest.tar
configure:3112: $? = 0
configure:3114: cat conftest.dir/file
GrepMe
configure:3117: $? = 0
configure:3132: result: gnutar
configure:3177: checking whether make supports the include directive
configure:3192: make -f confmf.GNU && cat confinc.out
this is the am__doit target
configure:3195: $? = 0
configure:3214: result: yes (GNU style)
configure:3291: checking for gcc
configure:3312: found /usr/bin/gcc
configure:3324: result: gcc
configure:3683: checking for C compiler version
configure:3692: gcc --version >&5
gcc (GCC) 15.2.1 20260103
Copyright (C) 2025 Free Software Foundation, Inc.
This is free software; see the source for copying conditions.  There is NO
warranty; not even for MERCHANTABILITY or FITNESS FOR A PARTICULAR PURPOSE.

configure:3703: $? = 0
configure:3692: gcc -v >&5
Using built-in specs.
COLLECT_GCC=gcc
COLLECT_LTO_WRAPPER=/usr/lib/gcc/x86_64-pc-linux-gnu/15.2.1/lto-wrapper
Target: x86_64-pc-linux-gnu
Configured with: /build/gcc/src/gcc/configure --enable-languages=ada,c,c++,d,fortran,go,lto,m2,objc,obj-c++,rust,cobol --enable-bootstrap --prefix=/usr --libdir=/usr/lib --libexecdir=/usr/lib --mandir=/usr/share/man --infodir=/usr/share/info --with-bugurl=https://gitlab.archlinux.org/archlinux/packaging/packages/gcc/-/issues --with-build-config=bootstrap-lto --with-linker-hash-style=gnu --with-system-zlib --enable-__cxa_atexit --enable-cet=auto --enable-checking=release --enable-clocale=gnu --enable-default-pie --enable-default-ssp --enable-gnu-indirect-function --enable-gnu-unique-object --enable-libstdcxx-backtrace --enable-link-serialization=1 --enable-linker-build-id --enable-lto --enable-multilib --enable-plugin --enable-shared --enable-threads=posix --disable-libssp --disable-libstdcxx-pch --disable-werror
Thread model: posix
Supported LTO compression algorithms: zlib zstd
gcc version 15.2.1 20260103 (GCC) 
configure:3703: $? = 0
configure:3692: gcc -V >&5
gcc: error: unrecognized command-line option '-V'
gcc: fatal error: no input files
compilation terminated.
configure:3703: $? = 1
configure:3692: gcc -qversion >&5
gcc: error: unrecognized command-line option '-qversion'; did you mean '--version'?
gcc: fatal error: no input files
compilation terminated.
configure:3703: $? = 1
configure:3692: gcc -version >&5
gcc: error: unrecognized command-line option '-version'
gcc: fatal error: no input files
compilation terminated.
configure:3703: $? = 1
configure:3723: checking whether the C compiler works
configure:3745: gcc -fsanitize=address -g   conftest.c  >&5
configure:3749: $? = 0
configure:3800: result: yes
configure:3804: checking for C compiler default output file name
configure:3806: result: a.out
configure:3812: checking for suffix of executables
configure:3819: gcc -o conftest -fsanitize=address -g   conftest.c  >&5
configure:3823: $? = 0
configure:3847: result: 
configure:3871: checking whether we are cross compiling
configure:3879: gcc -o conftest -fsanitize=address -g   conftest.c  >&5
configure:3883: $? = 0
configure:3890: ./conftest
configure:3894: $? = 0
configure:3909: result: no
configure:3915: checking for suffix of object files
configure:3938: gcc -c -fsanitize=address -g  conftest.c >&5
configure:3942: $? = 0
configure:3966: result: o
configure:3970: checking whether the compiler supports GNU C
configure:3990: gcc -c -fsanitize=address -g  conftest.c >&5
configure:3990: $? = 0
configure:4002: result: yes
configure:4013: checking whether gcc accepts -g
configure:4034: gcc -c -g  conftest.c >&5
configure:4034: $? = 0
configure:4081: result: yes
configure:4101: checking for gcc option to enable C11 features
configure:4116: gcc  -c -fsanitize=address -g  conftest.c >&5
configure:4116: $? = 0
configure:4135: result: none needed
configure:4259: checking whether gcc understands -c and -o together
configure:4282: gcc -c conftest.c -o conftest2.o
configure:4285: $? = 0
configure:4282: gcc -c conftest.c -o conftest2.o
configure:4285: $? = 0
configure:4301: result: yes
configure:4320: checking dependency style of gcc
configure:4433: result: gcc3
configure:4505: checking for ar
configure:4526: found /usr/bin/ar
configure:4538: result: ar
configure:4565: checking the archiver (ar) interface
configure:4582: gcc -c -fsanitize=address -g  conftest.c >&5
configure:4582: $? = 0
configure:4585: ar cr libconftest.a conftest.o >&5
configure:4588: $? = 0
configure:4617: result: ar
configure:4687: checking for ranlib
configure:4708: found /usr/bin/ranlib
configure:4720: result: ranlib
configure:4797: checking for gcc
configure:4830: result: gcc
configure:5189: checking for C compiler version
configure:5198: gcc --version >&5
gcc (GCC) 15.2.1 20260103
Copyright (C) 2025 Free Software Foundation, Inc.
This is free software; see the source for copying conditions.  There is NO
warranty; not even for MERCHANTABILITY or FITNESS FOR A PARTICULAR PURPOSE.

configure:5209: $? = 0
configure:5198: gcc -v >&5
Using built-in specs.
COLLECT_GCC=gcc
COLLECT_LTO_WRAPPER=/usr/lib/gcc/x86_64-pc-linux-gnu/15.2.1/lto-wrapper
Target: x86_64-pc-linux-gnu
Configured with: /build/gcc/src/gcc/configure --enable-languages=ada,c,c++,d,fortran,go,lto,m2,objc,obj-c++,rust,cobol --enable-bootstrap --prefix=/usr --libdir=/usr/lib --libexecdir=/usr/lib --mandir=/usr/share/man --infodir=/usr/share/info --with-bugurl=https://gitlab.archlinux.org/archlinux/packaging/packages/gcc/-/issues --with-build-config=bootstrap-lto --with-linker-hash-style=gnu --with-system-zlib --enable-__cxa_atexit --enable-cet=auto --enable-checking=release --enable-clocale=gnu --enable-default-pie --enable-default-ssp --enable-gnu-indirect-function --enable-gnu-unique-object --enable-libstdcxx-backtrace --enable-link-serialization=1 --enable-linker-build-id --enable-lto --enable-multilib --enable-plugin --enable-shared --enable-threads=posix --disable-libssp --disable-libstdcxx-pch --disable-werror
Thread model: posix
Supported LTO compression algorithms: zlib zstd
gcc version 15.2.1 20260103 (GCC) 
configure:5209: $? = 0
configure:5198: gcc -V >&5
gcc: error: unrecognized command-line option '-V'
gcc: fatal error: no input files
compilation terminated.
configure:5209: $? = 1
configure:5198: gcc -qversion >&5
gcc: error: unrecognized command-line option '-qversion'; did you mean '--version'?
gcc: fatal error: no input files
compilation terminated.
configure:5209: $? = 1
configure:5198: gcc -version >&5
gcc: error: unrecognized command-line option '-version'
gcc: fatal error: no input files
compilation terminated.
configure:5209: $? = 1
configure:5213: checking whether the compiler supports GNU C
configure:5245: result: yes
configure:5256: checking whether gcc accepts -g
configure:5324: result: yes
configure:5344: checking for gcc option to enable C11 features
configure:5378: result: none needed
configure:5502: checking whether gcc understands -c and -o together
configure:5544: result: yes
configure:5563: checking dependency style of gcc
configure:5676: result: gcc3
configure:5840: checking that generated files are newer than configure
configure:5846: result: done
configure:5885: creating ./config.status

## ---------------------- ##
## Running config.status. ##
## ---------------------- ##

This file was extended by 42sh config.status 1.0, which was
generated by GNU Autoconf 2.72.  Invocation command line was

  CONFIG_FILES    = 
  CONFIG_HEADERS  = 
  CONFIG_LINKS    = 
  CONFIG_COMMANDS = 
  $ ./config.status 

on yann-xps15

config.status:788: creating Makefile
config.status:788: creating src/Makefile
config.status:788: creating src/hash_map/Makefile
config.status:788: creating src/environment/Makefile
config.status:788: creating src/ast/Makefile
config.status:788: creating src/lexer/Makefile
config.status:788: creating src/parser/Makefile
config.status:788: creating src/expansion/Makefile
config.status:788: creating src/execution/Makefile
config.status:788: creating src/io_backend/Makefile
config.status:788: creating tests/Makefile
config.status:788: creating tests/unit/Makefile
config.status:960: executing depfiles commands
config.status:1035: cd src       && sed -e '/# am--include-marker/d' Makefile         | make -f - am--depfiles
config.status:1042: $? = 0
config.status:1035: cd src/hash_map       && sed -e '/# am--include-marker/d' Makefile         | make -f - am--depfiles
config.status:1042: $? = 0
config.status:1035: cd src/environment       && sed -e '/# am--include-marker/d' Makefile         | make -f - am--depfiles
config.status:1042: $? = 0
config.status:1035: cd src/ast       && sed -e '/# am--include-marker/d' Makefile         | make -f - am--depfiles
config.status:1042: $? = 0
config.status:1035: cd src/lexer       && sed -e '/# am--include-marker/d' Makefile         | make -f - am--depfiles
config.status:1042: $? = 0
config.status:1035: cd src/parser       && sed -e '/# am--include-marker/d' Makefile         | make -f - am--depfiles
config.status:1042: $? = 0
config.status:1035: cd src/expansion       && sed -e '/# am--include-marker/d' Makefile         | make -f - am--depfiles
config.status:1042: $? = 0
config.status:1035: cd src/execution       && sed -e '/# am--include-marker/d' Makefile         | make -f - am--depfiles
config.status:1042: $? = 0
config.status:1035: cd src/io_backend       && sed -e '/# am--include-marker/d' Makefile         | make -f - am--depfiles
config.status:1042: $? = 0
config.status:1035: cd tests/unit       && sed -e '/# am--include-marker/d' Makefile         | make -f - am--depfiles
config.status:1042: $? = 0

## ---------------- ##
## Cache variables. ##
## ---------------- ##

ac_cv_c_compiler_gnu=yes
ac_cv_env_CC_set=
ac_cv_env_CC_value=
ac_cv_env_CFLAGS_set=set
ac_cv_env_CFLAGS_value='-fsanitize=address -g'
ac_cv_env_CPPFLAGS_set=
ac_cv_env_CPPFLAGS_value=
ac_cv_env_LDFLAGS_set=
ac_cv_env_LDFLAGS_value=
ac_cv_env_LIBS_set=
ac_cv_env_LIBS_value=
ac_cv_env_build_alias_set=
ac_cv_env_build_alias_value=
ac_cv_env_host_alias_set=
ac_cv_env_host_alias_value=
ac_cv_env_target_alias_set=
ac_cv_env_target_alias_value=
ac_cv_objext=o
ac_cv_path_install='/usr/bin/install -c'
ac_cv_path_mkdir=/usr/bin/mkdir
ac_cv_prog_AWK=gawk
ac_cv_prog_ac_ct_AR=ar
ac_cv_prog_ac_ct_CC=gcc
ac_cv_prog_ac_ct_RANLIB=ranlib
ac_cv_prog_cc_c11=
ac_cv_prog_cc_g=yes
ac_cv_prog_cc_stdc=
ac_cv_prog_make_make_set=yes
am_cv_CC_dependencies_compiler_type=gcc3
am_cv_ar_interface=ar
am_cv_filesystem_timestamp_resolution=0.01
am_cv_make_support_nested_variables=yes
am_cv_prog_cc_c_o=yes
am_cv_prog_tar_ustar=gnutar
am_cv_sleep_fractional_seconds=yes
am_cv_xargs_n_works=yes

## ----------------- ##
## Output variables. ##
## ----------------- ##

ACLOCAL='${SHELL} '\''/home/yann/Desktop/42sh/missing'\'' aclocal-1.18'
AMDEPBACKSLASH='\'
AMDEP_FALSE='#'
AMDEP_TRUE=''
AMTAR='$${TAR-tar}'
AM_BACKSLASH='\'
AM_DEFAULT_V='$(AM_DEFAULT_VERBOSITY)'
AM_DEFAULT_VERBOSITY='0'
AM_V='$(V)'
AR='ar'
AUTOCONF='${SHELL} '\''/home/yann/Desktop/42sh/missing'\'' autoconf'
AUTOHEADER='${SHELL} '\''/home/yann/Desktop/42sh/missing'\'' autoheader'
AUTOMAKE='${SHELL} '\''/home/yann/Desktop/42sh/missing'\'' automake-1.18'
AWK='gawk'
CC='gcc'
CCDEPMODE='depmode=gcc3'
CFLAGS='-fsanitize=address -g -std=c99 -pedantic -Werror -Wall -Wextra -Wvla'
CPPFLAGS=''
CSCOPE='cscope'
CTAGS='ctags'
CYGPATH_W='echo'
DEFS='-DPACKAGE_NAME=\"42sh\" -DPACKAGE_TARNAME=\"42sh\" -DPACKAGE_VERSION=\"1.0\" -DPACKAGE_STRING=\"42sh\ 1.0\" -DPACKAGE_BUGREPORT=\"\" -DPACKAGE_URL=\"\" -DPACKAGE=\"42sh\" -DVERSION=\"1.0\"'
DEPDIR='.deps'
ECHO_C=''
ECHO_N='-n'
ECHO_T=''
ETAGS='etags'
EXEEXT=''
INSTALL_DATA='${INSTALL} -m 644'
INSTALL_PROGRAM='${INSTALL}'
INSTALL_SCRIPT='${INSTALL}'
INSTALL_STRIP_PROGRAM='$(install_sh) -c -s'
LDFLAGS=''
LIBOBJS=''
LIBS=''
LTLIBOBJS=''
MAKEINFO='${SHELL} '\''/home/yann/Desktop/42sh/missing'\'' makeinfo'
MKDIR_P='/usr/bin/mkdir -p'
OBJEXT='o'
PACKAGE='42sh'
PACKAGE_BUGREPORT=''
PACKAGE_NAME='42sh'
PACKAGE_STRING='42sh 1.0'
PACKAGE_TARNAME='42sh'
PACKAGE_URL=''
PACKAGE_VERSION='1.0'
PATH_SEPARATOR=':'
RANLIB='ranlib'
SET_MAKE=''
SHELL='/bin/sh'
STRIP=''
VERSION='1.0'
ac_ct_AR='ar'
ac_ct_CC='gcc'
am__EXEEXT_FALSE=''
am__EXEEXT_TRUE='#'
am__fastdepCC_FALSE='#'
am__fastdepCC_TRUE=''
am__include='include'
am__isrc=''
am__leading_dot='.'
am__nodep='_no'
am__quote=''
am__rm_f_notfound=''
am__tar='tar --format=ustar -chf - "$$tardir"'
am__untar='tar -xf -'
am__xargs_n='xargs -n'
bindir='${exec_prefix}/bin'
build_alias=''
datadir='${datarootdir}'
datarootdir='${prefix}/share'
docdir='${datarootdir}/doc/${PACKAGE_TARNAME}'
dvidir='${docdir}'
exec_prefix='${prefix}'
host_alias=''
htmldir='${docdir}'
includedir='${prefix}/include'
infodir='${datarootdir}/info'
install_sh='${SHELL} /home/yann/Desktop/42sh/install-sh'
libdir='${exec_prefix}/lib'
libexecdir='${exec_prefix}/libexec'
localedir='${datarootdir}/locale'
localstatedir='${prefix}/var'
mandir='${datarootdir}/man'
mkdir_p='$(MKDIR_P)'
oldincludedir='/usr/include'
pdfdir='${docdir}'
prefix='/usr/local'
program_transform_name='s,x,x,'
psdir='${docdir}'
runstatedir='${localstatedir}/run'
sbindir='${exec_prefix}/sbin'
sharedstatedir='${prefix}/com'
sysconfdir='${prefix}/etc'
target_alias=''

## ----------- ##
## confdefs.h. ##
## ----------- ##

/* confdefs.h */
#define PACKAGE_NAME "42sh"
#define PACKAGE_TARNAME "42sh"
#define PACKAGE_VERSION "1.0"
#define PACKAGE_STRING "42sh 1.0"
#define PACKAGE_BUGREPORT ""
#define PACKAGE_URL ""
#define PACKAGE "42sh"
#define VERSION "1.0"

configure: exit 0
